  main.cpp
C:\Users\HP\source\repos\ComputerGraphics\Лабораторная 3\main.cpp(355,16): warning C4244: =: преобразование "double" в "int", возможна потеря данных
C:\Users\HP\source\repos\ComputerGraphics\Лабораторная 3\main.cpp(356,16): warning C4244: =: преобразование "double" в "int", возможна потеря данных
C:\Users\HP\source\repos\ComputerGraphics\Лабораторная 3\main.cpp(357,14): warning C4244: =: преобразование "double" в "int", возможна потеря данных
C:\Users\HP\source\repos\ComputerGraphics\Лабораторная 3\main.cpp(358,14): warning C4244: =: преобразование "double" в "int", возможна потеря данных
C:\Users\HP\source\repos\ComputerGraphics\Лабораторная 3\main.cpp(361,16): warning C4244: =: преобразование "double" в "int", возможна потеря данных
C:\Users\HP\source\repos\ComputerGraphics\Лабораторная 3\main.cpp(362,16): warning C4244: =: преобразование "double" в "int", возможна потеря данных
C:\Users\HP\source\repos\ComputerGraphics\Лабораторная 3\main.cpp(363,14): warning C4244: =: преобразование "double" в "int", возможна потеря данных
C:\Users\HP\source\repos\ComputerGraphics\Лабораторная 3\main.cpp(364,14): warning C4244: =: преобразование "double" в "int", возможна потеря данных
C:\Users\HP\source\repos\ComputerGraphics\Лабораторная 3\main.cpp(368,17): warning C4244: =: преобразование "double" в "int", возможна потеря данных
C:\Users\HP\source\repos\ComputerGraphics\Лабораторная 3\main.cpp(369,17): warning C4244: =: преобразование "double" в "int", возможна потеря данных
C:\Users\HP\source\repos\ComputerGraphics\Лабораторная 3\main.cpp(370,15): warning C4244: =: преобразование "double" в "int", возможна потеря данных
C:\Users\HP\source\repos\ComputerGraphics\Лабораторная 3\main.cpp(371,15): warning C4244: =: преобразование "double" в "int", возможна потеря данных
C:\Users\HP\source\repos\ComputerGraphics\Лабораторная 3\main.cpp(374,17): warning C4244: =: преобразование "double" в "int", возможна потеря данных
C:\Users\HP\source\repos\ComputerGraphics\Лабораторная 3\main.cpp(375,17): warning C4244: =: преобразование "double" в "int", возможна потеря данных
C:\Users\HP\source\repos\ComputerGraphics\Лабораторная 3\main.cpp(376,15): warning C4244: =: преобразование "double" в "int", возможна потеря данных
C:\Users\HP\source\repos\ComputerGraphics\Лабораторная 3\main.cpp(377,15): warning C4244: =: преобразование "double" в "int", возможна потеря данных
C:\Users\HP\source\repos\ComputerGraphics\Лабораторная 3\main.cpp(482,8): warning C4244: инициализация: преобразование "double" в "int", возможна потеря данных
C:\Users\HP\source\repos\ComputerGraphics\Лабораторная 3\main.cpp(483,8): warning C4244: инициализация: преобразование "double" в "int", возможна потеря данных
C:\Users\HP\source\repos\ComputerGraphics\Лабораторная 3\main.cpp(504,131): warning C4244: аргумент: преобразование "double" в "int", возможна потеря данных
C:\Users\HP\source\repos\ComputerGraphics\Лабораторная 3\main.cpp(504,103): warning C4244: аргумент: преобразование "double" в "int", возможна потеря данных
C:\Users\HP\source\repos\ComputerGraphics\Лабораторная 3\main.cpp(504,76): warning C4244: аргумент: преобразование "double" в "int", возможна потеря данных
C:\Users\HP\source\repos\ComputerGraphics\Лабораторная 3\main.cpp(504,48): warning C4244: аргумент: преобразование "double" в "int", возможна потеря данных
C:\Users\HP\source\repos\ComputerGraphics\Лабораторная 3\main.cpp(505,127): warning C4244: аргумент: преобразование "double" в "int", возможна потеря данных
C:\Users\HP\source\repos\ComputerGraphics\Лабораторная 3\main.cpp(505,99): warning C4244: аргумент: преобразование "double" в "int", возможна потеря данных
C:\Users\HP\source\repos\ComputerGraphics\Лабораторная 3\main.cpp(505,72): warning C4244: аргумент: преобразование "double" в "int", возможна потеря данных
C:\Users\HP\source\repos\ComputerGraphics\Лабораторная 3\main.cpp(505,48): warning C4244: аргумент: преобразование "double" в "int", возможна потеря данных
C:\Users\HP\source\repos\ComputerGraphics\Лабораторная 3\main.cpp(511,130): warning C4244: аргумент: преобразование "double" в "int", возможна потеря данных
C:\Users\HP\source\repos\ComputerGraphics\Лабораторная 3\main.cpp(511,103): warning C4244: аргумент: преобразование "double" в "int", возможна потеря данных
C:\Users\HP\source\repos\ComputerGraphics\Лабораторная 3\main.cpp(511,76): warning C4244: аргумент: преобразование "double" в "int", возможна потеря данных
C:\Users\HP\source\repos\ComputerGraphics\Лабораторная 3\main.cpp(511,48): warning C4244: аргумент: преобразование "double" в "int", возможна потеря данных
C:\Users\HP\source\repos\ComputerGraphics\Лабораторная 3\main.cpp(512,130): warning C4244: аргумент: преобразование "double" в "int", возможна потеря данных
C:\Users\HP\source\repos\ComputerGraphics\Лабораторная 3\main.cpp(512,103): warning C4244: аргумент: преобразование "double" в "int", возможна потеря данных
C:\Users\HP\source\repos\ComputerGraphics\Лабораторная 3\main.cpp(512,76): warning C4244: аргумент: преобразование "double" в "int", возможна потеря данных
C:\Users\HP\source\repos\ComputerGraphics\Лабораторная 3\main.cpp(512,48): warning C4244: аргумент: преобразование "double" в "int", возможна потеря данных
C:\Users\HP\source\repos\ComputerGraphics\Лабораторная 3\main.cpp(513,129): warning C4244: аргумент: преобразование "double" в "int", возможна потеря данных
C:\Users\HP\source\repos\ComputerGraphics\Лабораторная 3\main.cpp(513,102): warning C4244: аргумент: преобразование "double" в "int", возможна потеря данных
C:\Users\HP\source\repos\ComputerGraphics\Лабораторная 3\main.cpp(513,75): warning C4244: аргумент: преобразование "double" в "int", возможна потеря данных
C:\Users\HP\source\repos\ComputerGraphics\Лабораторная 3\main.cpp(513,48): warning C4244: аргумент: преобразование "double" в "int", возможна потеря данных
C:\Users\HP\source\repos\ComputerGraphics\Лабораторная 3\main.cpp(514,130): warning C4244: аргумент: преобразование "double" в "int", возможна потеря данных
C:\Users\HP\source\repos\ComputerGraphics\Лабораторная 3\main.cpp(514,103): warning C4244: аргумент: преобразование "double" в "int", возможна потеря данных
C:\Users\HP\source\repos\ComputerGraphics\Лабораторная 3\main.cpp(514,76): warning C4244: аргумент: преобразование "double" в "int", возможна потеря данных
C:\Users\HP\source\repos\ComputerGraphics\Лабораторная 3\main.cpp(514,48): warning C4244: аргумент: преобразование "double" в "int", возможна потеря данных
C:\Users\HP\source\repos\ComputerGraphics\Лабораторная 3\main.cpp(515,131): warning C4244: аргумент: преобразование "double" в "int", возможна потеря данных
C:\Users\HP\source\repos\ComputerGraphics\Лабораторная 3\main.cpp(515,103): warning C4244: аргумент: преобразование "double" в "int", возможна потеря данных
C:\Users\HP\source\repos\ComputerGraphics\Лабораторная 3\main.cpp(515,76): warning C4244: аргумент: преобразование "double" в "int", возможна потеря данных
C:\Users\HP\source\repos\ComputerGraphics\Лабораторная 3\main.cpp(515,48): warning C4244: аргумент: преобразование "double" в "int", возможна потеря данных
C:\Users\HP\source\repos\ComputerGraphics\Лабораторная 3\main.cpp(521,130): warning C4244: аргумент: преобразование "double" в "int", возможна потеря данных
C:\Users\HP\source\repos\ComputerGraphics\Лабораторная 3\main.cpp(521,103): warning C4244: аргумент: преобразование "double" в "int", возможна потеря данных
C:\Users\HP\source\repos\ComputerGraphics\Лабораторная 3\main.cpp(521,76): warning C4244: аргумент: преобразование "double" в "int", возможна потеря данных
C:\Users\HP\source\repos\ComputerGraphics\Лабораторная 3\main.cpp(521,48): warning C4244: аргумент: преобразование "double" в "int", возможна потеря данных
C:\Users\HP\source\repos\ComputerGraphics\Лабораторная 3\main.cpp(522,130): warning C4244: аргумент: преобразование "double" в "int", возможна потеря данных
C:\Users\HP\source\repos\ComputerGraphics\Лабораторная 3\main.cpp(522,103): warning C4244: аргумент: преобразование "double" в "int", возможна потеря данных
C:\Users\HP\source\repos\ComputerGraphics\Лабораторная 3\main.cpp(522,76): warning C4244: аргумент: преобразование "double" в "int", возможна потеря данных
C:\Users\HP\source\repos\ComputerGraphics\Лабораторная 3\main.cpp(522,48): warning C4244: аргумент: преобразование "double" в "int", возможна потеря данных
C:\Users\HP\source\repos\ComputerGraphics\Лабораторная 3\main.cpp(523,122): warning C4244: аргумент: преобразование "double" в "int", возможна потеря данных
C:\Users\HP\source\repos\ComputerGraphics\Лабораторная 3\main.cpp(523,99): warning C4244: аргумент: преобразование "double" в "int", возможна потеря данных
C:\Users\HP\source\repos\ComputerGraphics\Лабораторная 3\main.cpp(523,72): warning C4244: аргумент: преобразование "double" в "int", возможна потеря данных
C:\Users\HP\source\repos\ComputerGraphics\Лабораторная 3\main.cpp(523,48): warning C4244: аргумент: преобразование "double" в "int", возможна потеря данных
C:\Users\HP\source\repos\ComputerGraphics\Лабораторная 3\main.cpp(524,129): warning C4244: аргумент: преобразование "double" в "int", возможна потеря данных
C:\Users\HP\source\repos\ComputerGraphics\Лабораторная 3\main.cpp(524,102): warning C4244: аргумент: преобразование "double" в "int", возможна потеря данных
C:\Users\HP\source\repos\ComputerGraphics\Лабораторная 3\main.cpp(524,75): warning C4244: аргумент: преобразование "double" в "int", возможна потеря данных
C:\Users\HP\source\repos\ComputerGraphics\Лабораторная 3\main.cpp(524,48): warning C4244: аргумент: преобразование "double" в "int", возможна потеря данных
C:\Users\HP\source\repos\ComputerGraphics\Лабораторная 3\main.cpp(530,129): warning C4244: аргумент: преобразование "double" в "int", возможна потеря данных
C:\Users\HP\source\repos\ComputerGraphics\Лабораторная 3\main.cpp(530,102): warning C4244: аргумент: преобразование "double" в "int", возможна потеря данных
C:\Users\HP\source\repos\ComputerGraphics\Лабораторная 3\main.cpp(530,75): warning C4244: аргумент: преобразование "double" в "int", возможна потеря данных
C:\Users\HP\source\repos\ComputerGraphics\Лабораторная 3\main.cpp(530,48): warning C4244: аргумент: преобразование "double" в "int", возможна потеря данных
C:\Users\HP\source\repos\ComputerGraphics\Лабораторная 3\main.cpp(531,127): warning C4244: аргумент: преобразование "double" в "int", возможна потеря данных
C:\Users\HP\source\repos\ComputerGraphics\Лабораторная 3\main.cpp(531,103): warning C4244: аргумент: преобразование "double" в "int", возможна потеря данных
C:\Users\HP\source\repos\ComputerGraphics\Лабораторная 3\main.cpp(531,76): warning C4244: аргумент: преобразование "double" в "int", возможна потеря данных
C:\Users\HP\source\repos\ComputerGraphics\Лабораторная 3\main.cpp(531,48): warning C4244: аргумент: преобразование "double" в "int", возможна потеря данных
C:\Users\HP\source\repos\ComputerGraphics\Лабораторная 3\main.cpp(532,122): warning C4244: аргумент: преобразование "double" в "int", возможна потеря данных
C:\Users\HP\source\repos\ComputerGraphics\Лабораторная 3\main.cpp(532,99): warning C4244: аргумент: преобразование "double" в "int", возможна потеря данных
C:\Users\HP\source\repos\ComputerGraphics\Лабораторная 3\main.cpp(532,72): warning C4244: аргумент: преобразование "double" в "int", возможна потеря данных
C:\Users\HP\source\repos\ComputerGraphics\Лабораторная 3\main.cpp(532,48): warning C4244: аргумент: преобразование "double" в "int", возможна потеря данных
C:\Users\HP\source\repos\ComputerGraphics\Лабораторная 3\main.cpp(538,130): warning C4244: аргумент: преобразование "double" в "int", возможна потеря данных
C:\Users\HP\source\repos\ComputerGraphics\Лабораторная 3\main.cpp(538,103): warning C4244: аргумент: преобразование "double" в "int", возможна потеря данных
C:\Users\HP\source\repos\ComputerGraphics\Лабораторная 3\main.cpp(538,76): warning C4244: аргумент: преобразование "double" в "int", возможна потеря данных
C:\Users\HP\source\repos\ComputerGraphics\Лабораторная 3\main.cpp(538,48): warning C4244: аргумент: преобразование "double" в "int", возможна потеря данных
C:\Users\HP\source\repos\ComputerGraphics\Лабораторная 3\main.cpp(539,127): warning C4244: аргумент: преобразование "double" в "int", возможна потеря данных
C:\Users\HP\source\repos\ComputerGraphics\Лабораторная 3\main.cpp(539,103): warning C4244: аргумент: преобразование "double" в "int", возможна потеря данных
C:\Users\HP\source\repos\ComputerGraphics\Лабораторная 3\main.cpp(539,76): warning C4244: аргумент: преобразование "double" в "int", возможна потеря данных
C:\Users\HP\source\repos\ComputerGraphics\Лабораторная 3\main.cpp(539,48): warning C4244: аргумент: преобразование "double" в "int", возможна потеря данных
C:\Users\HP\source\repos\ComputerGraphics\Лабораторная 3\main.cpp(540,122): warning C4244: аргумент: преобразование "double" в "int", возможна потеря данных
C:\Users\HP\source\repos\ComputerGraphics\Лабораторная 3\main.cpp(540,99): warning C4244: аргумент: преобразование "double" в "int", возможна потеря данных
C:\Users\HP\source\repos\ComputerGraphics\Лабораторная 3\main.cpp(540,72): warning C4244: аргумент: преобразование "double" в "int", возможна потеря данных
C:\Users\HP\source\repos\ComputerGraphics\Лабораторная 3\main.cpp(540,48): warning C4244: аргумент: преобразование "double" в "int", возможна потеря данных
C:\Users\HP\source\repos\ComputerGraphics\Лабораторная 3\main.cpp(541,125): warning C4244: аргумент: преобразование "double" в "int", возможна потеря данных
C:\Users\HP\source\repos\ComputerGraphics\Лабораторная 3\main.cpp(541,98): warning C4244: аргумент: преобразование "double" в "int", возможна потеря данных
C:\Users\HP\source\repos\ComputerGraphics\Лабораторная 3\main.cpp(541,71): warning C4244: аргумент: преобразование "double" в "int", возможна потеря данных
C:\Users\HP\source\repos\ComputerGraphics\Лабораторная 3\main.cpp(541,48): warning C4244: аргумент: преобразование "double" в "int", возможна потеря данных
C:\Users\HP\source\repos\ComputerGraphics\Лабораторная 3\main.cpp(542,129): warning C4244: аргумент: преобразование "double" в "int", возможна потеря данных
C:\Users\HP\source\repos\ComputerGraphics\Лабораторная 3\main.cpp(542,102): warning C4244: аргумент: преобразование "double" в "int", возможна потеря данных
C:\Users\HP\source\repos\ComputerGraphics\Лабораторная 3\main.cpp(542,75): warning C4244: аргумент: преобразование "double" в "int", возможна потеря данных
C:\Users\HP\source\repos\ComputerGraphics\Лабораторная 3\main.cpp(542,48): warning C4244: аргумент: преобразование "double" в "int", возможна потеря данных
C:\Users\HP\source\repos\ComputerGraphics\Лабораторная 3\main.cpp(543,129): warning C4244: аргумент: преобразование "double" в "int", возможна потеря данных
C:\Users\HP\source\repos\ComputerGraphics\Лабораторная 3\main.cpp(543,102): warning C4244: аргумент: преобразование "double" в "int", возможна потеря данных
C:\Users\HP\source\repos\ComputerGraphics\Лабораторная 3\main.cpp(543,75): warning C4244: аргумент: преобразование "double" в "int", возможна потеря данных
C:\Users\HP\source\repos\ComputerGraphics\Лабораторная 3\main.cpp(543,48): warning C4244: аргумент: преобразование "double" в "int", возможна потеря данных
C:\Users\HP\source\repos\ComputerGraphics\Лабораторная 3\main.cpp(544,130): warning C4244: аргумент: преобразование "double" в "int", возможна потеря данных
C:\Users\HP\source\repos\ComputerGraphics\Лабораторная 3\main.cpp(544,102): warning C4244: аргумент: преобразование "double" в "int", возможна потеря данных
C:\Users\HP\source\repos\ComputerGraphics\Лабораторная 3\main.cpp(544,75): warning C4244: аргумент: преобразование "double" в "int", возможна потеря данных
C:\Users\HP\source\repos\ComputerGraphics\Лабораторная 3\main.cpp(544,48): warning C4244: аргумент: преобразование "double" в "int", возможна потеря данных
  Лабораторная 3.vcxproj -> C:\Users\HP\source\repos\ComputerGraphics\Лабораторная 3\Debug\Лабораторная 3.exe
